<?xml version="1.0" encoding="UTF-8"?>
<coverage generated="1636991328315" clover="3.2.0">
  <project timestamp="1636991328315" name="All files">
    <metrics statements="27" coveredstatements="22" conditionals="14" coveredconditionals="10" methods="6" coveredmethods="5" elements="47" coveredelements="37" complexity="0" loc="27" ncloc="27" packages="2" files="2" classes="2"/>
    <package name="calculator">
      <metrics statements="14" coveredstatements="9" conditionals="8" coveredconditionals="4" methods="2" coveredmethods="1"/>
      <file name="calculator.js" path="/Users/marcossarges/estudo/learning_to_test_with_js/projeto1/src/lib/calculator/calculator.js">
        <metrics statements="14" coveredstatements="9" conditionals="8" coveredconditionals="4" methods="2" coveredmethods="1"/>
        <line num="1" count="1" type="stmt"/>
        <line num="2" count="6" type="stmt"/>
        <line num="3" count="6" type="stmt"/>
        <line num="5" count="6" type="cond" truecount="4" falsecount="0"/>
        <line num="6" count="4" type="stmt"/>
        <line num="9" count="2" type="stmt"/>
        <line num="12" count="1" type="stmt"/>
        <line num="14" count="1" type="stmt"/>
        <line num="15" count="0" type="stmt"/>
        <line num="16" count="0" type="stmt"/>
        <line num="18" count="0" type="cond" truecount="0" falsecount="4"/>
        <line num="19" count="0" type="stmt"/>
        <line num="22" count="0" type="stmt"/>
        <line num="25" count="1" type="stmt"/>
      </file>
    </package>
    <package name="queryString">
      <metrics statements="13" coveredstatements="13" conditionals="6" coveredconditionals="6" methods="4" coveredmethods="4"/>
      <file name="queryString.js" path="/Users/marcossarges/estudo/learning_to_test_with_js/projeto1/src/lib/queryString/queryString.js">
        <metrics statements="13" coveredstatements="13" conditionals="6" coveredconditionals="6" methods="4" coveredmethods="4"/>
        <line num="1" count="1" type="stmt"/>
        <line num="2" count="7" type="cond" truecount="4" falsecount="0"/>
        <line num="3" count="1" type="stmt"/>
        <line num="5" count="6" type="stmt"/>
        <line num="8" count="3" type="stmt"/>
        <line num="10" count="1" type="stmt"/>
        <line num="12" count="1" type="stmt"/>
        <line num="13" count="5" type="stmt"/>
        <line num="15" count="5" type="cond" truecount="2" falsecount="0"/>
        <line num="17" count="5" type="stmt"/>
        <line num="20" count="1" type="stmt"/>
        <line num="21" count="2" type="stmt"/>
        <line num="23" count="1" type="stmt"/>
      </file>
    </package>
  </project>
</coverage>
