TN:
SF:src/lib/calculator/calculator.js
FN:1,(anonymous_0)
FN:14,(anonymous_1)
FNF:2
FNH:2
FNDA:6,(anonymous_0)
FNDA:6,(anonymous_1)
DA:1,1
DA:2,6
DA:3,6
DA:5,6
DA:6,4
DA:9,2
DA:12,1
DA:14,1
DA:15,6
DA:16,6
DA:18,6
DA:19,4
DA:22,2
DA:25,1
LF:14
LH:14
BRDA:5,0,0,4
BRDA:5,0,1,2
BRDA:5,1,0,6
BRDA:5,1,1,3
BRDA:18,2,0,4
BRDA:18,2,1,2
BRDA:18,3,0,6
BRDA:18,3,1,3
BRF:8
BRH:8
end_of_record
TN:
SF:src/lib/queryString/queryString.js
FN:1,(anonymous_0)
FN:8,(anonymous_1)
FN:12,(anonymous_2)
FN:20,(anonymous_3)
FNF:4
FNH:4
FNDA:7,(anonymous_0)
FNDA:3,(anonymous_1)
FNDA:5,(anonymous_2)
FNDA:2,(anonymous_3)
DA:1,1
DA:2,7
DA:3,1
DA:5,6
DA:8,3
DA:10,1
DA:12,1
DA:13,5
DA:15,5
DA:17,5
DA:20,1
DA:21,2
DA:23,1
LF:13
LH:13
BRDA:2,0,0,1
BRDA:2,0,1,6
BRDA:2,1,0,7
BRDA:2,1,1,2
BRDA:15,2,0,1
BRDA:15,2,1,4
BRF:6
BRH:6
end_of_record
